<?xml version="1.0" encoding="UTF-8"?>
<!-- Generated by org.testng.reporters.JUnitReportReporter -->
<testsuite hostname="Vivekanand-Koli" name="PCS_EDO_Module.EDO" tests="1" failures="0" timestamp="10 Jun 2019 07:10:32 GMT" time="65.524" errors="0">
  <testcase name="Login_FF" time="65.524" classname="PCS_EDO_Module.EDO"/>
</testsuite> <!-- PCS_EDO_Module.EDO -->
